2023-06-26 10:44:18,390 [Worker-8: Loading available Gradle versions] INFO  o.e.b.c.i.u.g.PublishedGradleVersions - Gradle version information cache is up-to-date. Trying to read.
2023-06-26 10:45:01,111 [Worker-19: Launching mavenrun-09d69736-63ae-4263-bf29-256edf575bf2] INFO  o.eclipse.m2e.core.internal.Bundles - getClasspathEntries(Bundle=org.eclipse.m2e.maven.runtime_3.8.701.20230209-1606 [1182])
2023-06-26 10:45:01,127 [Worker-19: Launching mavenrun-09d69736-63ae-4263-bf29-256edf575bf2] INFO  o.eclipse.m2e.core.internal.Bundles - 	Entry: /Applications/Eclipse.app/Contents/Eclipse/plugins/org.eclipse.m2e.maven.runtime_3.8.701.20230209-1606
2023-06-26 10:45:01,127 [Worker-19: Launching mavenrun-09d69736-63ae-4263-bf29-256edf575bf2] INFO  o.eclipse.m2e.core.internal.Bundles - 	Entry: /Applications/Eclipse.app/Contents/Eclipse/plugins/org.eclipse.m2e.maven.runtime_3.8.701.20230209-1606/jars/aether-connector-okhttp-0.17.8.jar
2023-06-26 10:45:01,128 [Worker-19: Launching mavenrun-09d69736-63ae-4263-bf29-256edf575bf2] INFO  o.eclipse.m2e.core.internal.Bundles - 	Entry: /Applications/Eclipse.app/Contents/Eclipse/plugins/org.eclipse.m2e.maven.runtime_3.8.701.20230209-1606/jars/commons-lang3-3.8.1.jar
2023-06-26 10:45:01,128 [Worker-19: Launching mavenrun-09d69736-63ae-4263-bf29-256edf575bf2] INFO  o.eclipse.m2e.core.internal.Bundles - 	Entry: /Applications/Eclipse.app/Contents/Eclipse/plugins/org.eclipse.m2e.maven.runtime_3.8.701.20230209-1606/jars/guice-4.2.2-no_aop.jar
2023-06-26 10:45:01,128 [Worker-19: Launching mavenrun-09d69736-63ae-4263-bf29-256edf575bf2] INFO  o.eclipse.m2e.core.internal.Bundles - 	Entry: /Applications/Eclipse.app/Contents/Eclipse/plugins/org.eclipse.m2e.maven.runtime_3.8.701.20230209-1606/jars/jansi-2.4.0.jar
2023-06-26 10:45:01,128 [Worker-19: Launching mavenrun-09d69736-63ae-4263-bf29-256edf575bf2] INFO  o.eclipse.m2e.core.internal.Bundles - 	Entry: /Applications/Eclipse.app/Contents/Eclipse/plugins/org.eclipse.m2e.maven.runtime_3.8.701.20230209-1606/jars/maven-artifact-3.8.7.jar
2023-06-26 10:45:01,128 [Worker-19: Launching mavenrun-09d69736-63ae-4263-bf29-256edf575bf2] INFO  o.eclipse.m2e.core.internal.Bundles - 	Entry: /Applications/Eclipse.app/Contents/Eclipse/plugins/org.eclipse.m2e.maven.runtime_3.8.701.20230209-1606/jars/maven-builder-support-3.8.7.jar
2023-06-26 10:45:01,128 [Worker-19: Launching mavenrun-09d69736-63ae-4263-bf29-256edf575bf2] INFO  o.eclipse.m2e.core.internal.Bundles - 	Entry: /Applications/Eclipse.app/Contents/Eclipse/plugins/org.eclipse.m2e.maven.runtime_3.8.701.20230209-1606/jars/maven-compat-3.8.7.jar
2023-06-26 10:45:01,128 [Worker-19: Launching mavenrun-09d69736-63ae-4263-bf29-256edf575bf2] INFO  o.eclipse.m2e.core.internal.Bundles - 	Entry: /Applications/Eclipse.app/Contents/Eclipse/plugins/org.eclipse.m2e.maven.runtime_3.8.701.20230209-1606/jars/maven-core-3.8.7.jar
2023-06-26 10:45:01,128 [Worker-19: Launching mavenrun-09d69736-63ae-4263-bf29-256edf575bf2] INFO  o.eclipse.m2e.core.internal.Bundles - 	Entry: /Applications/Eclipse.app/Contents/Eclipse/plugins/org.eclipse.m2e.maven.runtime_3.8.701.20230209-1606/jars/maven-embedder-3.8.7.jar
2023-06-26 10:45:01,128 [Worker-19: Launching mavenrun-09d69736-63ae-4263-bf29-256edf575bf2] INFO  o.eclipse.m2e.core.internal.Bundles - 	Entry: /Applications/Eclipse.app/Contents/Eclipse/plugins/org.eclipse.m2e.maven.runtime_3.8.701.20230209-1606/jars/maven-model-3.8.7.jar
2023-06-26 10:45:01,128 [Worker-19: Launching mavenrun-09d69736-63ae-4263-bf29-256edf575bf2] INFO  o.eclipse.m2e.core.internal.Bundles - 	Entry: /Applications/Eclipse.app/Contents/Eclipse/plugins/org.eclipse.m2e.maven.runtime_3.8.701.20230209-1606/jars/maven-model-builder-3.8.7.jar
2023-06-26 10:45:01,128 [Worker-19: Launching mavenrun-09d69736-63ae-4263-bf29-256edf575bf2] INFO  o.eclipse.m2e.core.internal.Bundles - 	Entry: /Applications/Eclipse.app/Contents/Eclipse/plugins/org.eclipse.m2e.maven.runtime_3.8.701.20230209-1606/jars/maven-plugin-api-3.8.7.jar
2023-06-26 10:45:01,128 [Worker-19: Launching mavenrun-09d69736-63ae-4263-bf29-256edf575bf2] INFO  o.eclipse.m2e.core.internal.Bundles - 	Entry: /Applications/Eclipse.app/Contents/Eclipse/plugins/org.eclipse.m2e.maven.runtime_3.8.701.20230209-1606/jars/maven-repository-metadata-3.8.7.jar
2023-06-26 10:45:01,128 [Worker-19: Launching mavenrun-09d69736-63ae-4263-bf29-256edf575bf2] INFO  o.eclipse.m2e.core.internal.Bundles - 	Entry: /Applications/Eclipse.app/Contents/Eclipse/plugins/org.eclipse.m2e.maven.runtime_3.8.701.20230209-1606/jars/maven-resolver-api-1.6.3.jar
2023-06-26 10:45:01,128 [Worker-19: Launching mavenrun-09d69736-63ae-4263-bf29-256edf575bf2] INFO  o.eclipse.m2e.core.internal.Bundles - 	Entry: /Applications/Eclipse.app/Contents/Eclipse/plugins/org.eclipse.m2e.maven.runtime_3.8.701.20230209-1606/jars/maven-resolver-connector-basic-1.6.3.jar
2023-06-26 10:45:01,128 [Worker-19: Launching mavenrun-09d69736-63ae-4263-bf29-256edf575bf2] INFO  o.eclipse.m2e.core.internal.Bundles - 	Entry: /Applications/Eclipse.app/Contents/Eclipse/plugins/org.eclipse.m2e.maven.runtime_3.8.701.20230209-1606/jars/maven-resolver-impl-1.6.3.jar
2023-06-26 10:45:01,128 [Worker-19: Launching mavenrun-09d69736-63ae-4263-bf29-256edf575bf2] INFO  o.eclipse.m2e.core.internal.Bundles - 	Entry: /Applications/Eclipse.app/Contents/Eclipse/plugins/org.eclipse.m2e.maven.runtime_3.8.701.20230209-1606/jars/maven-resolver-provider-3.8.7.jar
2023-06-26 10:45:01,128 [Worker-19: Launching mavenrun-09d69736-63ae-4263-bf29-256edf575bf2] INFO  o.eclipse.m2e.core.internal.Bundles - 	Entry: /Applications/Eclipse.app/Contents/Eclipse/plugins/org.eclipse.m2e.maven.runtime_3.8.701.20230209-1606/jars/maven-resolver-spi-1.6.3.jar
2023-06-26 10:45:01,128 [Worker-19: Launching mavenrun-09d69736-63ae-4263-bf29-256edf575bf2] INFO  o.eclipse.m2e.core.internal.Bundles - 	Entry: /Applications/Eclipse.app/Contents/Eclipse/plugins/org.eclipse.m2e.maven.runtime_3.8.701.20230209-1606/jars/maven-resolver-transport-wagon-1.6.3.jar
2023-06-26 10:45:01,128 [Worker-19: Launching mavenrun-09d69736-63ae-4263-bf29-256edf575bf2] INFO  o.eclipse.m2e.core.internal.Bundles - 	Entry: /Applications/Eclipse.app/Contents/Eclipse/plugins/org.eclipse.m2e.maven.runtime_3.8.701.20230209-1606/jars/maven-resolver-util-1.6.3.jar
2023-06-26 10:45:01,128 [Worker-19: Launching mavenrun-09d69736-63ae-4263-bf29-256edf575bf2] INFO  o.eclipse.m2e.core.internal.Bundles - 	Entry: /Applications/Eclipse.app/Contents/Eclipse/plugins/org.eclipse.m2e.maven.runtime_3.8.701.20230209-1606/jars/maven-settings-3.8.7.jar
2023-06-26 10:45:01,128 [Worker-19: Launching mavenrun-09d69736-63ae-4263-bf29-256edf575bf2] INFO  o.eclipse.m2e.core.internal.Bundles - 	Entry: /Applications/Eclipse.app/Contents/Eclipse/plugins/org.eclipse.m2e.maven.runtime_3.8.701.20230209-1606/jars/maven-settings-builder-3.8.7.jar
2023-06-26 10:45:01,128 [Worker-19: Launching mavenrun-09d69736-63ae-4263-bf29-256edf575bf2] INFO  o.eclipse.m2e.core.internal.Bundles - 	Entry: /Applications/Eclipse.app/Contents/Eclipse/plugins/org.eclipse.m2e.maven.runtime_3.8.701.20230209-1606/jars/maven-shared-utils-3.3.4.jar
2023-06-26 10:45:01,128 [Worker-19: Launching mavenrun-09d69736-63ae-4263-bf29-256edf575bf2] INFO  o.eclipse.m2e.core.internal.Bundles - 	Entry: /Applications/Eclipse.app/Contents/Eclipse/plugins/org.eclipse.m2e.maven.runtime_3.8.701.20230209-1606/jars/okhttp-3.14.1.jar
2023-06-26 10:45:01,128 [Worker-19: Launching mavenrun-09d69736-63ae-4263-bf29-256edf575bf2] INFO  o.eclipse.m2e.core.internal.Bundles - 	Entry: /Applications/Eclipse.app/Contents/Eclipse/plugins/org.eclipse.m2e.maven.runtime_3.8.701.20230209-1606/jars/okio-1.17.3.jar
2023-06-26 10:45:01,128 [Worker-19: Launching mavenrun-09d69736-63ae-4263-bf29-256edf575bf2] INFO  o.eclipse.m2e.core.internal.Bundles - 	Entry: /Applications/Eclipse.app/Contents/Eclipse/plugins/org.eclipse.m2e.maven.runtime_3.8.701.20230209-1606/jars/org.eclipse.sisu.inject-0.3.5.jar
2023-06-26 10:45:01,128 [Worker-19: Launching mavenrun-09d69736-63ae-4263-bf29-256edf575bf2] INFO  o.eclipse.m2e.core.internal.Bundles - 	Entry: /Applications/Eclipse.app/Contents/Eclipse/plugins/org.eclipse.m2e.maven.runtime_3.8.701.20230209-1606/jars/org.eclipse.sisu.plexus-0.3.5.jar
2023-06-26 10:45:01,128 [Worker-19: Launching mavenrun-09d69736-63ae-4263-bf29-256edf575bf2] INFO  o.eclipse.m2e.core.internal.Bundles - 	Entry: /Applications/Eclipse.app/Contents/Eclipse/plugins/org.eclipse.m2e.maven.runtime_3.8.701.20230209-1606/jars/plexus-build-api-0.0.7.jar
2023-06-26 10:45:01,128 [Worker-19: Launching mavenrun-09d69736-63ae-4263-bf29-256edf575bf2] INFO  o.eclipse.m2e.core.internal.Bundles - 	Entry: /Applications/Eclipse.app/Contents/Eclipse/plugins/org.eclipse.m2e.maven.runtime_3.8.701.20230209-1606/jars/plexus-cipher-2.0.jar
2023-06-26 10:45:01,129 [Worker-19: Launching mavenrun-09d69736-63ae-4263-bf29-256edf575bf2] INFO  o.eclipse.m2e.core.internal.Bundles - 	Entry: /Applications/Eclipse.app/Contents/Eclipse/plugins/org.eclipse.m2e.maven.runtime_3.8.701.20230209-1606/jars/plexus-classworlds-2.6.0.jar
2023-06-26 10:45:01,129 [Worker-19: Launching mavenrun-09d69736-63ae-4263-bf29-256edf575bf2] INFO  o.eclipse.m2e.core.internal.Bundles - 	Entry: /Applications/Eclipse.app/Contents/Eclipse/plugins/org.eclipse.m2e.maven.runtime_3.8.701.20230209-1606/jars/plexus-component-annotations-2.1.0.jar
2023-06-26 10:45:01,129 [Worker-19: Launching mavenrun-09d69736-63ae-4263-bf29-256edf575bf2] INFO  o.eclipse.m2e.core.internal.Bundles - 	Entry: /Applications/Eclipse.app/Contents/Eclipse/plugins/org.eclipse.m2e.maven.runtime_3.8.701.20230209-1606/jars/plexus-interpolation-1.26.jar
2023-06-26 10:45:01,129 [Worker-19: Launching mavenrun-09d69736-63ae-4263-bf29-256edf575bf2] INFO  o.eclipse.m2e.core.internal.Bundles - 	Entry: /Applications/Eclipse.app/Contents/Eclipse/plugins/org.eclipse.m2e.maven.runtime_3.8.701.20230209-1606/jars/plexus-sec-dispatcher-2.0.jar
2023-06-26 10:45:01,129 [Worker-19: Launching mavenrun-09d69736-63ae-4263-bf29-256edf575bf2] INFO  o.eclipse.m2e.core.internal.Bundles - 	Entry: /Applications/Eclipse.app/Contents/Eclipse/plugins/org.eclipse.m2e.maven.runtime_3.8.701.20230209-1606/jars/plexus-utils-3.3.1.jar
2023-06-26 10:45:01,129 [Worker-19: Launching mavenrun-09d69736-63ae-4263-bf29-256edf575bf2] INFO  o.eclipse.m2e.core.internal.Bundles - 	Entry: /Applications/Eclipse.app/Contents/Eclipse/plugins/org.eclipse.m2e.maven.runtime_3.8.701.20230209-1606/jars/wagon-file-3.5.3.jar
2023-06-26 10:45:01,129 [Worker-19: Launching mavenrun-09d69736-63ae-4263-bf29-256edf575bf2] INFO  o.eclipse.m2e.core.internal.Bundles - 	Entry: /Applications/Eclipse.app/Contents/Eclipse/plugins/org.eclipse.m2e.maven.runtime_3.8.701.20230209-1606/jars/wagon-provider-api-3.5.3.jar
2023-06-26 10:45:01,130 [Worker-19: Launching mavenrun-09d69736-63ae-4263-bf29-256edf575bf2] INFO  o.eclipse.m2e.core.internal.Bundles - getClasspathEntries(Bundle=com.google.guava_31.1.0.jre [891])
2023-06-26 10:45:01,134 [Worker-19: Launching mavenrun-09d69736-63ae-4263-bf29-256edf575bf2] INFO  o.eclipse.m2e.core.internal.Bundles - 	Entry: /Applications/Eclipse.app/Contents/Eclipse/plugins/com.google.guava_31.1.0.jre.jar
2023-06-26 10:45:01,134 [Worker-19: Launching mavenrun-09d69736-63ae-4263-bf29-256edf575bf2] INFO  o.eclipse.m2e.core.internal.Bundles - getClasspathEntries(Bundle=slf4j.api_1.7.36 [1355])
2023-06-26 10:45:01,135 [Worker-19: Launching mavenrun-09d69736-63ae-4263-bf29-256edf575bf2] INFO  o.eclipse.m2e.core.internal.Bundles - 	Entry: /Applications/Eclipse.app/Contents/Eclipse/plugins/slf4j.api_1.7.36.jar
2023-06-26 10:45:01,135 [Worker-19: Launching mavenrun-09d69736-63ae-4263-bf29-256edf575bf2] INFO  o.eclipse.m2e.core.internal.Bundles - getClasspathEntries(Bundle=javax.inject_1.0.0.v20220405-0441 [30])
2023-06-26 10:45:01,142 [Worker-19: Launching mavenrun-09d69736-63ae-4263-bf29-256edf575bf2] INFO  o.eclipse.m2e.core.internal.Bundles - 	Entry: /Applications/Eclipse.app/Contents/Eclipse/plugins/javax.inject_1.0.0.v20220405-0441.jar
2023-06-26 10:45:01,143 [Worker-19: Launching mavenrun-09d69736-63ae-4263-bf29-256edf575bf2] INFO  o.eclipse.m2e.core.internal.Bundles - getClasspathEntries(Bundle=javax.annotation_1.3.5.v20221203-1659 [904])
2023-06-26 10:45:01,144 [Worker-19: Launching mavenrun-09d69736-63ae-4263-bf29-256edf575bf2] INFO  o.eclipse.m2e.core.internal.Bundles - 	Entry: /Applications/Eclipse.app/Contents/Eclipse/plugins/javax.annotation_1.3.5.v20221203-1659.jar
2023-06-26 10:45:01,144 [Worker-19: Launching mavenrun-09d69736-63ae-4263-bf29-256edf575bf2] INFO  o.eclipse.m2e.core.internal.Bundles - getClasspathEntries(Bundle=org.apache.commons.cli_1.4.0.v20221112-0806 [923])
2023-06-26 10:45:01,145 [Worker-19: Launching mavenrun-09d69736-63ae-4263-bf29-256edf575bf2] INFO  o.eclipse.m2e.core.internal.Bundles - 	Entry: /Applications/Eclipse.app/Contents/Eclipse/plugins/org.apache.commons.cli_1.4.0.v20221112-0806.jar
2023-06-26 10:45:01,145 [Worker-19: Launching mavenrun-09d69736-63ae-4263-bf29-256edf575bf2] INFO  o.eclipse.m2e.core.internal.Bundles - getClasspathEntries(Bundle=com.google.guava.failureaccess_1.0.1 [893])
2023-06-26 10:45:01,146 [Worker-19: Launching mavenrun-09d69736-63ae-4263-bf29-256edf575bf2] INFO  o.eclipse.m2e.core.internal.Bundles - 	Entry: /Applications/Eclipse.app/Contents/Eclipse/plugins/com.google.guava.failureaccess_1.0.1.jar
2023-06-26 10:45:01,153 [Worker-19: Launching mavenrun-09d69736-63ae-4263-bf29-256edf575bf2] INFO  o.e.m.i.launch.MavenLaunchDelegate - Run build in "/var/folders/kl/dt2ygcvx51j7hnc020jsm_qh0000gn/T/m2e-archetypeGenerator56942531474924726":
2023-06-26 10:45:01,157 [Worker-19: Launching mavenrun-09d69736-63ae-4263-bf29-256edf575bf2] INFO  o.e.m.i.launch.MavenLaunchDelegate -  mvn  -DarchetypeGroupId=org.apache.maven.archetypes -DarchetypeArtifactId=maven-archetype-quickstart -DarchetypeVersion=1.1 -DgroupId=com.shameenakoodan -DartifactId=JSDemo -Dversion=0.0.1-SNAPSHOT -Dpackage=com.shameenakoodan.JSDemo -DoutputDirectory=/Users/homeoffice/Shameena/PerScholas/JAVASCRIPT -Dstyle.color=always -U archetype:generate
2023-06-26 10:45:17,740 [Worker-10: Creating maven-archetype-quickstart] INFO  o.e.m.c.i.p.ProjectConfigurationManager - Collecting project info '/pom.xml' /Users/homeoffice/Shameena/PerScholas/JAVASCRIPT/JSDemo/pom.xml
2023-06-26 10:45:18,784 [Worker-10: Creating maven-archetype-quickstart] INFO  o.e.m.c.i.l.LifecycleMappingFactory - Using org.eclipse.m2e.jdt.JarLifecycleMapping lifecycle mapping for MavenProject: com.shameenakoodan:JSDemo:0.0.1-SNAPSHOT @ /Users/homeoffice/Shameena/PerScholas/JAVASCRIPT/JSDemo/pom.xml.
2023-06-26 10:45:19,406 [Worker-10: Creating maven-archetype-quickstart] INFO  o.e.m.j.i.AbstractJavaProjectConfigurator - Adding source folder /JSDemo/src/main/java
2023-06-26 10:45:19,424 [Worker-10: Creating maven-archetype-quickstart] INFO  o.e.m.j.i.AbstractJavaProjectConfigurator - Adding source folder /JSDemo/src/test/java
2023-06-26 10:45:19,672 [Worker-10: Creating maven-archetype-quickstart] INFO  o.e.m.c.i.p.ProjectConfigurationManager - Imported and configured 1 project(s) in 1 sec
2023-06-26 10:45:21,196 [Worker-12: Building] INFO  o.e.m.c.i.embedder.EclipseLogger - Using 'UTF-8' encoding to copy filtered resources.
2023-06-26 10:45:21,198 [Worker-12: Building] INFO  o.e.m.c.i.embedder.EclipseLogger - skip non existing resourceDirectory /Users/homeoffice/Shameena/PerScholas/JAVASCRIPT/JSDemo/src/main/resources
2023-06-26 10:45:21,209 [Worker-12: Building] INFO  o.e.m.c.i.embedder.EclipseLogger - Using 'UTF-8' encoding to copy filtered resources.
2023-06-26 10:45:21,209 [Worker-12: Building] INFO  o.e.m.c.i.embedder.EclipseLogger - skip non existing resourceDirectory /Users/homeoffice/Shameena/PerScholas/JAVASCRIPT/JSDemo/src/test/resources
2023-06-26 10:45:47,111 [Worker-14: Launching mavenrun-a53d94bd-9642-4ce7-8921-7c84e5278c3b] INFO  o.e.m.i.launch.MavenLaunchDelegate - Run build in "/var/folders/kl/dt2ygcvx51j7hnc020jsm_qh0000gn/T/m2e-archetypeGenerator1502822994460650540":
2023-06-26 10:45:47,114 [Worker-14: Launching mavenrun-a53d94bd-9642-4ce7-8921-7c84e5278c3b] INFO  o.e.m.i.launch.MavenLaunchDelegate -  mvn  -DarchetypeGroupId=org.apache.maven.archetypes -DarchetypeArtifactId=maven-archetype-quickstart -DarchetypeVersion=1.1 -DgroupId=com.shameenakoodan -DartifactId=JSDemo -Dversion=0.0.1-SNAPSHOT -Dpackage=com.shameenakoodan.JSDemo -DoutputDirectory=/Users/homeoffice/Shameena/PerScholas/JAVASCRIPT -B -Dstyle.color=always -U archetype:generate
2023-06-26 10:45:53,089 [Worker-16: Creating maven-archetype-quickstart] INFO  o.e.m.c.i.p.ProjectConfigurationManager - Collecting project info '/pom.xml' /Users/homeoffice/Shameena/PerScholas/JAVASCRIPT/JSDemo/pom.xml
2023-06-26 10:45:53,612 [Worker-16: Creating maven-archetype-quickstart] INFO  o.e.m.c.i.l.LifecycleMappingFactory - Using org.eclipse.m2e.jdt.JarLifecycleMapping lifecycle mapping for MavenProject: com.shameenakoodan:JSDemo:0.0.1-SNAPSHOT @ /Users/homeoffice/Shameena/PerScholas/JAVASCRIPT/JSDemo/pom.xml.
2023-06-26 10:45:53,861 [Worker-16: Creating maven-archetype-quickstart] INFO  o.e.m.j.i.AbstractJavaProjectConfigurator - Adding source folder /JSDemo/src/main/java
2023-06-26 10:45:53,865 [Worker-16: Creating maven-archetype-quickstart] INFO  o.e.m.j.i.AbstractJavaProjectConfigurator - Adding source folder /JSDemo/src/test/java
2023-06-26 10:45:53,903 [Worker-16: Creating maven-archetype-quickstart] INFO  o.e.m.c.i.p.ProjectConfigurationManager - Imported and configured 1 project(s) in 0 sec
2023-06-26 10:45:54,265 [Worker-23: Building] INFO  o.e.m.c.i.embedder.EclipseLogger - Using 'UTF-8' encoding to copy filtered resources.
2023-06-26 10:45:54,265 [Worker-23: Building] INFO  o.e.m.c.i.embedder.EclipseLogger - skip non existing resourceDirectory /Users/homeoffice/Shameena/PerScholas/JAVASCRIPT/JSDemo/src/main/resources
2023-06-26 10:45:54,270 [Worker-23: Building] INFO  o.e.m.c.i.embedder.EclipseLogger - Using 'UTF-8' encoding to copy filtered resources.
2023-06-26 10:45:54,271 [Worker-23: Building] INFO  o.e.m.c.i.embedder.EclipseLogger - skip non existing resourceDirectory /Users/homeoffice/Shameena/PerScholas/JAVASCRIPT/JSDemo/src/test/resources
2023-06-26 10:47:29,983 [Worker-14: Building] INFO  o.e.m.c.i.embedder.EclipseLogger - Using 'UTF-8' encoding to copy filtered resources.
2023-06-26 10:47:29,985 [Worker-14: Building] INFO  o.e.m.c.i.embedder.EclipseLogger - skip non existing resourceDirectory /Users/homeoffice/Shameena/PerScholas/JAVASCRIPT/JSDemo/src/main/resources
2023-06-26 10:47:29,989 [Worker-14: Building] INFO  o.e.m.c.i.embedder.EclipseLogger - Using 'UTF-8' encoding to copy filtered resources.
2023-06-26 10:47:29,989 [Worker-14: Building] INFO  o.e.m.c.i.embedder.EclipseLogger - skip non existing resourceDirectory /Users/homeoffice/Shameena/PerScholas/JAVASCRIPT/JSDemo/src/test/resources
2023-06-26 10:47:37,674 [Worker-19: Building] INFO  o.e.m.c.i.embedder.EclipseLogger - Using 'UTF-8' encoding to copy filtered resources.
2023-06-26 10:47:37,675 [Worker-19: Building] INFO  o.e.m.c.i.embedder.EclipseLogger - skip non existing resourceDirectory /Users/homeoffice/Shameena/PerScholas/JAVASCRIPT/JSDemo/src/main/resources
2023-06-26 10:47:37,678 [Worker-19: Building] INFO  o.e.m.c.i.embedder.EclipseLogger - Using 'UTF-8' encoding to copy filtered resources.
2023-06-26 10:47:37,678 [Worker-19: Building] INFO  o.e.m.c.i.embedder.EclipseLogger - skip non existing resourceDirectory /Users/homeoffice/Shameena/PerScholas/JAVASCRIPT/JSDemo/src/test/resources
2023-06-26 10:48:38,581 [Worker-30: Building] INFO  o.e.m.c.i.embedder.EclipseLogger - Using 'UTF-8' encoding to copy filtered resources.
2023-06-26 10:48:38,585 [Worker-30: Building] INFO  o.e.m.c.i.embedder.EclipseLogger - skip non existing resourceDirectory /Users/homeoffice/Shameena/PerScholas/JAVASCRIPT/JSDemo/src/main/resources
2023-06-26 10:48:38,593 [Worker-30: Building] INFO  o.e.m.c.i.embedder.EclipseLogger - Using 'UTF-8' encoding to copy filtered resources.
2023-06-26 10:48:38,593 [Worker-30: Building] INFO  o.e.m.c.i.embedder.EclipseLogger - skip non existing resourceDirectory /Users/homeoffice/Shameena/PerScholas/JAVASCRIPT/JSDemo/src/test/resources
2023-06-26 10:52:41,693 [Worker-32: Building] INFO  o.e.m.c.i.embedder.EclipseLogger - Using 'UTF-8' encoding to copy filtered resources.
2023-06-26 10:52:41,694 [Worker-32: Building] INFO  o.e.m.c.i.embedder.EclipseLogger - skip non existing resourceDirectory /Users/homeoffice/Shameena/PerScholas/JAVASCRIPT/JSDemo/src/main/resources
2023-06-26 10:52:41,702 [Worker-32: Building] INFO  o.e.m.c.i.embedder.EclipseLogger - Using 'UTF-8' encoding to copy filtered resources.
2023-06-26 10:52:41,702 [Worker-32: Building] INFO  o.e.m.c.i.embedder.EclipseLogger - skip non existing resourceDirectory /Users/homeoffice/Shameena/PerScholas/JAVASCRIPT/JSDemo/src/test/resources
2023-06-26 11:26:30,708 [Worker-4: Loading available Gradle versions] INFO  o.e.b.c.i.u.g.PublishedGradleVersions - Gradle version information cache is up-to-date. Trying to read.
2023-06-26 11:26:33,424 [Worker-10: Building] INFO  o.e.m.c.i.embedder.EclipseLogger - Using 'UTF-8' encoding to copy filtered resources.
2023-06-26 11:26:33,428 [Worker-10: Building] INFO  o.e.m.c.i.embedder.EclipseLogger - skip non existing resourceDirectory /Users/homeoffice/Shameena/PerScholas/JAVASCRIPT/JSDemo/src/main/resources
2023-06-26 11:26:33,481 [Worker-10: Building] INFO  o.e.m.c.i.embedder.EclipseLogger - Using 'UTF-8' encoding to copy filtered resources.
2023-06-26 11:26:33,482 [Worker-10: Building] INFO  o.e.m.c.i.embedder.EclipseLogger - skip non existing resourceDirectory /Users/homeoffice/Shameena/PerScholas/JAVASCRIPT/JSDemo/src/test/resources
